[2020-08-26T10:36:32.164] [DEBUG] cheese - login => username:zs,password:123456
[2020-08-26T10:36:32.166] [DEBUG] cheese - zs
[2020-08-26T10:36:32.256] [DEBUG] cheese - null
[2020-08-26T10:36:32.257] [DEBUG] cheese - null
[2020-08-26T10:37:14.551] [DEBUG] cheese - login => username:admin,password:123456
[2020-08-26T10:37:14.551] [DEBUG] cheese - admin
[2020-08-26T10:37:14.564] [DEBUG] cheese - null
[2020-08-26T10:37:14.564] [DEBUG] cheese - null
[2020-08-26T14:58:30.900] [DEBUG] cheese - login => username:123,password:123456
[2020-08-26T14:58:30.901] [DEBUG] cheese - 123
[2020-08-26T14:58:30.964] [DEBUG] cheese - null
[2020-08-26T14:58:30.964] [DEBUG] cheese - null
[2020-08-26T15:02:37.603] [DEBUG] cheese - login => username:1234,password:123456
[2020-08-26T15:02:37.603] [DEBUG] cheese - 1234
[2020-08-26T15:02:37.607] [DEBUG] cheese - null
[2020-08-26T15:02:37.607] [DEBUG] cheese - null
[2020-08-26T15:02:49.836] [DEBUG] cheese - login => username:admin,password:123456
[2020-08-26T15:02:49.836] [DEBUG] cheese - admin
[2020-08-26T15:02:49.841] [DEBUG] cheese - null
[2020-08-26T15:02:49.841] [DEBUG] cheese - null
[2020-08-26T15:08:05.945] [DEBUG] cheese - login => username:123,password:3456767
[2020-08-26T15:08:05.945] [DEBUG] cheese - 123
[2020-08-26T15:08:05.947] [DEBUG] cheese - null
[2020-08-26T15:08:05.947] [DEBUG] cheese - null
[2020-08-26T15:08:15.357] [DEBUG] cheese - login => username:admin,password:123456
[2020-08-26T15:08:15.357] [DEBUG] cheese - admin
[2020-08-26T15:08:15.360] [DEBUG] cheese - null
[2020-08-26T15:08:15.360] [DEBUG] cheese - null
[2020-08-26T15:14:26.634] [DEBUG] cheese - login => username:admin,password:123456
[2020-08-26T15:14:26.634] [DEBUG] cheese - admin
[2020-08-26T15:14:26.638] [DEBUG] cheese - null
[2020-08-26T15:14:26.638] [DEBUG] cheese - null
[2020-08-26T15:15:42.058] [DEBUG] cheese - login => username:admin,password:123456
[2020-08-26T15:15:42.058] [DEBUG] cheese - admin
[2020-08-26T15:15:42.062] [DEBUG] cheese - null
[2020-08-26T15:15:42.062] [DEBUG] cheese - null
[2020-08-26T15:16:58.817] [DEBUG] cheese - login => username:admin,password:123456
[2020-08-26T15:16:58.817] [DEBUG] cheese - admin
[2020-08-26T15:16:58.820] [DEBUG] cheese - null
[2020-08-26T15:16:58.820] [DEBUG] cheese - null
[2020-08-26T15:20:53.278] [DEBUG] cheese - login => username:admin,password:123456
[2020-08-26T15:20:53.278] [DEBUG] cheese - admin
[2020-08-26T15:20:53.281] [DEBUG] cheese - null
[2020-08-26T15:20:53.281] [DEBUG] cheese - null
[2020-08-26T15:36:36.871] [DEBUG] cheese - login => username:admin,password:123456
[2020-08-26T15:36:36.872] [DEBUG] cheese - admin
[2020-08-26T15:36:36.874] [DEBUG] cheese - null
[2020-08-26T15:36:36.875] [DEBUG] cheese - null
[2020-08-26T15:54:47.451] [DEBUG] cheese - login => username:admin,password:123456
[2020-08-26T15:54:47.451] [DEBUG] cheese - admin
[2020-08-26T15:54:47.454] [DEBUG] cheese - null
[2020-08-26T15:54:47.454] [DEBUG] cheese - null
[2020-08-26T16:37:12.713] [DEBUG] cheese - login => username:admin,password:123456
[2020-08-26T16:37:12.716] [DEBUG] cheese - admin
[2020-08-26T16:37:12.801] [DEBUG] cheese - null
[2020-08-26T16:37:12.802] [DEBUG] cheese - null
[2020-08-26T16:39:27.346] [DEBUG] cheese - login => username:admin,password:123456
[2020-08-26T16:39:27.347] [DEBUG] cheese - admin
[2020-08-26T16:39:27.359] [DEBUG] cheese - null
[2020-08-26T16:39:27.359] [DEBUG] cheese - null
[2020-08-26T21:30:58.409] [DEBUG] cheese - login => username:admin,password:123456
[2020-08-26T21:30:58.412] [DEBUG] cheese - admin
[2020-08-26T21:30:58.434] [DEBUG] cheese - null
[2020-08-26T21:30:58.435] [DEBUG] cheese - null
[2020-08-27T21:31:38.400] [DEBUG] cheese - login => username:admin,password:123456
[2020-08-27T21:31:38.403] [DEBUG] cheese - admin
[2020-08-27T21:31:38.432] [DEBUG] cheese - null
[2020-08-27T21:31:38.434] [DEBUG] cheese - null
[2020-08-28T13:54:40.179] [DEBUG] cheese - login => username:admin,password:123456
[2020-08-28T13:54:40.183] [DEBUG] cheese - admin
[2020-08-28T13:54:40.271] [DEBUG] cheese - null
[2020-08-28T13:54:40.273] [DEBUG] cheese - null
[2020-08-28T16:42:19.612] [DEBUG] cheese - null
[2020-08-28T16:44:45.994] [DEBUG] cheese - null
[2020-08-28T16:47:23.126] [DEBUG] cheese - null
[2020-08-29T20:26:39.592] [DEBUG] cheese - login => username:admin,password:123456
[2020-08-29T20:26:39.598] [DEBUG] cheese - admin
[2020-08-29T20:26:39.673] [DEBUG] cheese - null
[2020-08-29T20:26:39.676] [DEBUG] cheese - null
[2020-09-02T09:15:32.062] [DEBUG] cheese - login => username:admin,password:123456
[2020-09-02T09:15:32.064] [DEBUG] cheese - admin
[2020-09-02T09:15:32.127] [DEBUG] cheese - null
[2020-09-02T09:15:32.128] [DEBUG] cheese - null
[2020-09-06T10:05:22.943] [DEBUG] cheese - login => username:admin,password:123456
[2020-09-06T10:05:22.947] [DEBUG] cheese - admin
[2020-09-06T10:05:22.988] [DEBUG] cheese - null
[2020-09-06T10:05:22.990] [DEBUG] cheese - null
[2020-09-06T14:32:29.457] [DEBUG] cheese - login => username:admin,password:123456
[2020-09-06T14:32:29.460] [DEBUG] cheese - admin
[2020-09-06T14:32:29.574] [DEBUG] cheese - null
[2020-09-06T14:32:29.574] [DEBUG] cheese - null
[2020-09-07T19:35:13.567] [DEBUG] cheese - login => username:admin,password:123456
[2020-09-07T19:35:13.577] [DEBUG] cheese - admin
[2020-09-07T19:35:13.700] [DEBUG] cheese - null
[2020-09-07T19:35:13.701] [DEBUG] cheese - null
[2020-09-08T15:16:54.095] [DEBUG] cheese - login => username:admin,password:123456
[2020-09-08T15:16:54.099] [DEBUG] cheese - admin
[2020-09-08T15:16:54.286] [DEBUG] cheese - null
[2020-09-08T15:16:54.287] [DEBUG] cheese - null
[2020-09-12T19:01:40.794] [DEBUG] cheese - login => username:admin,password:123456
[2020-09-12T19:01:40.795] [DEBUG] cheese - admin
[2020-09-12T19:01:40.806] [DEBUG] cheese - null
[2020-09-12T19:01:40.806] [DEBUG] cheese - null
[2020-09-13T09:37:25.628] [DEBUG] cheese - login => username:admin,password:123456
[2020-09-13T09:37:25.631] [DEBUG] cheese - admin
[2020-09-13T09:37:25.658] [DEBUG] cheese - null
[2020-09-13T09:37:25.659] [DEBUG] cheese - null
[2020-10-14T19:38:52.906] [DEBUG] cheese - login => username:admin,password:123456
[2020-10-14T19:38:52.908] [DEBUG] cheese - admin
[2020-10-14T19:38:52.921] [DEBUG] cheese - null
[2020-10-14T19:38:52.921] [DEBUG] cheese - null
[2020-10-17T19:43:38.925] [DEBUG] cheese - login => username:admin,password:123456
[2020-10-17T19:43:38.932] [DEBUG] cheese - admin
[2020-10-17T19:43:39.055] [DEBUG] cheese - null
[2020-10-17T19:43:39.057] [DEBUG] cheese - null
[2020-10-18T18:32:18.097] [DEBUG] cheese - login => username:admin,password:123456
[2020-10-18T18:32:18.099] [DEBUG] cheese - admin
[2020-10-18T18:32:18.124] [DEBUG] cheese - null
[2020-10-18T18:32:18.124] [DEBUG] cheese - null
